mode: set
github.com/open-cluster-management/iam-policy-controller/pkg/apis/addtoscheme_policy_v1.go:13.13,16.2 1 1
github.com/open-cluster-management/iam-policy-controller/pkg/apis/apis.go:17.43,19.2 1 1
github.com/open-cluster-management/iam-policy-controller/pkg/apis/policy/v1/iampolicy_types.go:105.13,107.2 1 1
github.com/open-cluster-management/iam-policy-controller/pkg/apis/policy/v1/zz_generated.deepcopy.go:12.51,19.2 6 1
github.com/open-cluster-management/iam-policy-controller/pkg/apis/policy/v1/zz_generated.deepcopy.go:22.44,23.15 1 1
github.com/open-cluster-management/iam-policy-controller/pkg/apis/policy/v1/zz_generated.deepcopy.go:26.2,28.12 3 1
github.com/open-cluster-management/iam-policy-controller/pkg/apis/policy/v1/zz_generated.deepcopy.go:23.15,25.3 1 0
github.com/open-cluster-management/iam-policy-controller/pkg/apis/policy/v1/zz_generated.deepcopy.go:32.54,33.34 1 0
github.com/open-cluster-management/iam-policy-controller/pkg/apis/policy/v1/zz_generated.deepcopy.go:36.2,36.12 1 0
github.com/open-cluster-management/iam-policy-controller/pkg/apis/policy/v1/zz_generated.deepcopy.go:33.34,35.3 1 0
github.com/open-cluster-management/iam-policy-controller/pkg/apis/policy/v1/zz_generated.deepcopy.go:40.59,44.21 4 0
github.com/open-cluster-management/iam-policy-controller/pkg/apis/policy/v1/zz_generated.deepcopy.go:51.2,51.8 1 0
github.com/open-cluster-management/iam-policy-controller/pkg/apis/policy/v1/zz_generated.deepcopy.go:44.21,47.22 3 0
github.com/open-cluster-management/iam-policy-controller/pkg/apis/policy/v1/zz_generated.deepcopy.go:47.22,49.4 1 0
github.com/open-cluster-management/iam-policy-controller/pkg/apis/policy/v1/zz_generated.deepcopy.go:55.52,56.15 1 0
github.com/open-cluster-management/iam-policy-controller/pkg/apis/policy/v1/zz_generated.deepcopy.go:59.2,61.12 3 0
github.com/open-cluster-management/iam-policy-controller/pkg/apis/policy/v1/zz_generated.deepcopy.go:56.15,58.3 1 0
github.com/open-cluster-management/iam-policy-controller/pkg/apis/policy/v1/zz_generated.deepcopy.go:65.58,66.34 1 0
github.com/open-cluster-management/iam-policy-controller/pkg/apis/policy/v1/zz_generated.deepcopy.go:69.2,69.12 1 0
github.com/open-cluster-management/iam-policy-controller/pkg/apis/policy/v1/zz_generated.deepcopy.go:66.34,68.3 1 0
github.com/open-cluster-management/iam-policy-controller/pkg/apis/policy/v1/zz_generated.deepcopy.go:73.59,76.29 3 1
github.com/open-cluster-management/iam-policy-controller/pkg/apis/policy/v1/zz_generated.deepcopy.go:83.2,83.8 1 1
github.com/open-cluster-management/iam-policy-controller/pkg/apis/policy/v1/zz_generated.deepcopy.go:76.29,79.29 3 0
github.com/open-cluster-management/iam-policy-controller/pkg/apis/policy/v1/zz_generated.deepcopy.go:79.29,81.4 1 0
github.com/open-cluster-management/iam-policy-controller/pkg/apis/policy/v1/zz_generated.deepcopy.go:87.52,88.15 1 0
github.com/open-cluster-management/iam-policy-controller/pkg/apis/policy/v1/zz_generated.deepcopy.go:91.2,93.12 3 0
github.com/open-cluster-management/iam-policy-controller/pkg/apis/policy/v1/zz_generated.deepcopy.go:88.15,90.3 1 0
github.com/open-cluster-management/iam-policy-controller/pkg/apis/policy/v1/zz_generated.deepcopy.go:97.63,99.33 2 1
github.com/open-cluster-management/iam-policy-controller/pkg/apis/policy/v1/zz_generated.deepcopy.go:124.2,124.8 1 1
github.com/open-cluster-management/iam-policy-controller/pkg/apis/policy/v1/zz_generated.deepcopy.go:99.33,102.29 3 0
github.com/open-cluster-management/iam-policy-controller/pkg/apis/policy/v1/zz_generated.deepcopy.go:102.29,104.18 2 0
github.com/open-cluster-management/iam-policy-controller/pkg/apis/policy/v1/zz_generated.deepcopy.go:121.4,121.24 1 0
github.com/open-cluster-management/iam-policy-controller/pkg/apis/policy/v1/zz_generated.deepcopy.go:104.18,106.5 1 0
github.com/open-cluster-management/iam-policy-controller/pkg/apis/policy/v1/zz_generated.deepcopy.go:106.10,109.31 3 0
github.com/open-cluster-management/iam-policy-controller/pkg/apis/policy/v1/zz_generated.deepcopy.go:109.31,111.20 2 0
github.com/open-cluster-management/iam-policy-controller/pkg/apis/policy/v1/zz_generated.deepcopy.go:118.6,118.26 1 0
github.com/open-cluster-management/iam-policy-controller/pkg/apis/policy/v1/zz_generated.deepcopy.go:111.20,113.7 1 0
github.com/open-cluster-management/iam-policy-controller/pkg/apis/policy/v1/zz_generated.deepcopy.go:113.12,117.7 3 0
github.com/open-cluster-management/iam-policy-controller/pkg/apis/policy/v1/zz_generated.deepcopy.go:128.56,129.15 1 0
github.com/open-cluster-management/iam-policy-controller/pkg/apis/policy/v1/zz_generated.deepcopy.go:132.2,134.12 3 0
github.com/open-cluster-management/iam-policy-controller/pkg/apis/policy/v1/zz_generated.deepcopy.go:129.15,131.3 1 0
github.com/open-cluster-management/iam-policy-controller/pkg/apis/policy/v1/zz_generated.deepcopy.go:138.45,140.23 2 1
github.com/open-cluster-management/iam-policy-controller/pkg/apis/policy/v1/zz_generated.deepcopy.go:145.2,145.23 1 1
github.com/open-cluster-management/iam-policy-controller/pkg/apis/policy/v1/zz_generated.deepcopy.go:150.2,150.8 1 1
github.com/open-cluster-management/iam-policy-controller/pkg/apis/policy/v1/zz_generated.deepcopy.go:140.23,144.3 3 0
github.com/open-cluster-management/iam-policy-controller/pkg/apis/policy/v1/zz_generated.deepcopy.go:145.23,149.3 3 0
github.com/open-cluster-management/iam-policy-controller/pkg/apis/policy/v1/zz_generated.deepcopy.go:154.38,155.15 1 0
github.com/open-cluster-management/iam-policy-controller/pkg/apis/policy/v1/zz_generated.deepcopy.go:158.2,160.12 3 0
github.com/open-cluster-management/iam-policy-controller/pkg/apis/policy/v1/zz_generated.deepcopy.go:155.15,157.3 1 0
github.com/open-cluster-management/iam-policy-controller/pkg/apis/policy/v1/zz_generated.deepcopy.go:164.45,169.2 4 0
github.com/open-cluster-management/iam-policy-controller/pkg/apis/policy/v1/zz_generated.deepcopy.go:172.38,173.15 1 0
github.com/open-cluster-management/iam-policy-controller/pkg/apis/policy/v1/zz_generated.deepcopy.go:176.2,178.12 3 0
github.com/open-cluster-management/iam-policy-controller/pkg/apis/policy/v1/zz_generated.deepcopy.go:173.15,175.3 1 0
github.com/open-cluster-management/iam-policy-controller/pkg/apis/policy/v1/zz_generated.deepcopy.go:182.51,183.34 1 0
github.com/open-cluster-management/iam-policy-controller/pkg/apis/policy/v1/zz_generated.deepcopy.go:186.2,186.12 1 0
github.com/open-cluster-management/iam-policy-controller/pkg/apis/policy/v1/zz_generated.deepcopy.go:183.34,185.3 1 0
github.com/open-cluster-management/iam-policy-controller/pkg/apis/policy/v1/zz_generated.deepcopy.go:190.53,194.21 4 0
github.com/open-cluster-management/iam-policy-controller/pkg/apis/policy/v1/zz_generated.deepcopy.go:201.2,201.8 1 0
github.com/open-cluster-management/iam-policy-controller/pkg/apis/policy/v1/zz_generated.deepcopy.go:194.21,197.22 3 0
github.com/open-cluster-management/iam-policy-controller/pkg/apis/policy/v1/zz_generated.deepcopy.go:197.22,199.4 1 0
github.com/open-cluster-management/iam-policy-controller/pkg/apis/policy/v1/zz_generated.deepcopy.go:205.46,206.15 1 0
github.com/open-cluster-management/iam-policy-controller/pkg/apis/policy/v1/zz_generated.deepcopy.go:209.2,211.12 3 0
github.com/open-cluster-management/iam-policy-controller/pkg/apis/policy/v1/zz_generated.deepcopy.go:206.15,208.3 1 0
github.com/open-cluster-management/iam-policy-controller/pkg/apis/policy/v1/zz_generated.deepcopy.go:215.55,216.34 1 0
github.com/open-cluster-management/iam-policy-controller/pkg/apis/policy/v1/zz_generated.deepcopy.go:219.2,219.12 1 0
github.com/open-cluster-management/iam-policy-controller/pkg/apis/policy/v1/zz_generated.deepcopy.go:216.34,218.3 1 0
github.com/open-cluster-management/iam-policy-controller/pkg/common/namespace_selection.go:15.81,20.33 2 1
github.com/open-cluster-management/iam-policy-controller/pkg/common/namespace_selection.go:28.2,29.33 2 1
github.com/open-cluster-management/iam-policy-controller/pkg/common/namespace_selection.go:38.2,39.18 2 1
github.com/open-cluster-management/iam-policy-controller/pkg/common/namespace_selection.go:20.33,22.19 2 1
github.com/open-cluster-management/iam-policy-controller/pkg/common/namespace_selection.go:22.19,24.4 1 1
github.com/open-cluster-management/iam-policy-controller/pkg/common/namespace_selection.go:29.33,31.19 2 1
github.com/open-cluster-management/iam-policy-controller/pkg/common/namespace_selection.go:31.19,33.4 1 1
github.com/open-cluster-management/iam-policy-controller/pkg/common/namespace_selection.go:44.52,50.40 4 0
github.com/open-cluster-management/iam-policy-controller/pkg/common/namespace_selection.go:53.2,53.29 1 0
github.com/open-cluster-management/iam-policy-controller/pkg/common/namespace_selection.go:50.40,52.3 1 0
github.com/open-cluster-management/iam-policy-controller/pkg/common/pattern_util.go:19.61,23.2 2 1
github.com/open-cluster-management/iam-policy-controller/pkg/common/pattern_util.go:26.60,31.33 3 1
github.com/open-cluster-management/iam-policy-controller/pkg/common/pattern_util.go:35.2,39.33 3 1
github.com/open-cluster-management/iam-policy-controller/pkg/common/pattern_util.go:43.2,48.18 4 1
github.com/open-cluster-management/iam-policy-controller/pkg/common/pattern_util.go:31.33,34.3 2 1
github.com/open-cluster-management/iam-policy-controller/pkg/common/pattern_util.go:39.33,42.3 2 1
github.com/open-cluster-management/iam-policy-controller/pkg/common/pattern_util.go:52.67,55.20 1 1
github.com/open-cluster-management/iam-policy-controller/pkg/common/pattern_util.go:59.2,62.37 2 1
github.com/open-cluster-management/iam-policy-controller/pkg/common/pattern_util.go:72.2,72.42 1 1
github.com/open-cluster-management/iam-policy-controller/pkg/common/pattern_util.go:82.2,82.51 1 1
github.com/open-cluster-management/iam-policy-controller/pkg/common/pattern_util.go:94.2,94.91 1 1
github.com/open-cluster-management/iam-policy-controller/pkg/common/pattern_util.go:105.2,105.14 1 1
github.com/open-cluster-management/iam-policy-controller/pkg/common/pattern_util.go:55.20,57.3 1 1
github.com/open-cluster-management/iam-policy-controller/pkg/common/pattern_util.go:62.37,63.30 1 1
github.com/open-cluster-management/iam-policy-controller/pkg/common/pattern_util.go:68.3,68.15 1 1
github.com/open-cluster-management/iam-policy-controller/pkg/common/pattern_util.go:63.30,64.24 1 1
github.com/open-cluster-management/iam-policy-controller/pkg/common/pattern_util.go:64.24,66.5 1 1
github.com/open-cluster-management/iam-policy-controller/pkg/common/pattern_util.go:72.42,75.30 2 1
github.com/open-cluster-management/iam-policy-controller/pkg/common/pattern_util.go:80.3,80.15 1 1
github.com/open-cluster-management/iam-policy-controller/pkg/common/pattern_util.go:75.30,76.43 1 1
github.com/open-cluster-management/iam-policy-controller/pkg/common/pattern_util.go:76.43,78.5 1 1
github.com/open-cluster-management/iam-policy-controller/pkg/common/pattern_util.go:82.51,85.30 2 1
github.com/open-cluster-management/iam-policy-controller/pkg/common/pattern_util.go:91.3,91.15 1 1
github.com/open-cluster-management/iam-policy-controller/pkg/common/pattern_util.go:85.30,86.43 1 1
github.com/open-cluster-management/iam-policy-controller/pkg/common/pattern_util.go:86.43,88.5 1 1
github.com/open-cluster-management/iam-policy-controller/pkg/common/pattern_util.go:94.91,97.30 3 1
github.com/open-cluster-management/iam-policy-controller/pkg/common/pattern_util.go:102.3,102.15 1 1
github.com/open-cluster-management/iam-policy-controller/pkg/common/pattern_util.go:97.30,98.42 1 1
github.com/open-cluster-management/iam-policy-controller/pkg/common/pattern_util.go:98.42,100.5 1 1
github.com/open-cluster-management/iam-policy-controller/pkg/common/pattern_util.go:109.76,113.31 3 1
github.com/open-cluster-management/iam-policy-controller/pkg/common/pattern_util.go:116.2,116.32 1 1
github.com/open-cluster-management/iam-policy-controller/pkg/common/pattern_util.go:122.2,122.31 1 1
github.com/open-cluster-management/iam-policy-controller/pkg/common/pattern_util.go:126.2,126.15 1 1
github.com/open-cluster-management/iam-policy-controller/pkg/common/pattern_util.go:113.31,115.3 1 1
github.com/open-cluster-management/iam-policy-controller/pkg/common/pattern_util.go:116.32,117.32 1 1
github.com/open-cluster-management/iam-policy-controller/pkg/common/pattern_util.go:117.32,119.4 1 1
github.com/open-cluster-management/iam-policy-controller/pkg/common/pattern_util.go:122.31,125.3 1 1
github.com/open-cluster-management/iam-policy-controller/pkg/common/pattern_util.go:131.50,134.2 2 0
github.com/open-cluster-management/iam-policy-controller/pkg/common/pattern_util.go:137.29,139.2 1 0
github.com/open-cluster-management/iam-policy-controller/pkg/common/pattern_util.go:142.67,143.39 1 0
github.com/open-cluster-management/iam-policy-controller/pkg/common/pattern_util.go:146.2,146.100 1 0
github.com/open-cluster-management/iam-policy-controller/pkg/common/pattern_util.go:149.2,149.11 1 0
github.com/open-cluster-management/iam-policy-controller/pkg/common/pattern_util.go:143.39,145.3 1 0
github.com/open-cluster-management/iam-policy-controller/pkg/common/pattern_util.go:146.100,148.3 1 0
github.com/open-cluster-management/iam-policy-controller/pkg/common/synced_map_utils.go:24.93,29.26 3 1
github.com/open-cluster-management/iam-policy-controller/pkg/common/synced_map_utils.go:32.2,32.39 1 1
github.com/open-cluster-management/iam-policy-controller/pkg/common/synced_map_utils.go:35.2,35.19 1 1
github.com/open-cluster-management/iam-policy-controller/pkg/common/synced_map_utils.go:29.26,31.3 1 0
github.com/open-cluster-management/iam-policy-controller/pkg/common/synced_map_utils.go:32.39,34.3 1 1
github.com/open-cluster-management/iam-policy-controller/pkg/common/synced_map_utils.go:39.78,44.26 3 1
github.com/open-cluster-management/iam-policy-controller/pkg/common/synced_map_utils.go:47.2,47.26 1 1
github.com/open-cluster-management/iam-policy-controller/pkg/common/synced_map_utils.go:44.26,46.3 1 0
github.com/open-cluster-management/iam-policy-controller/pkg/common/synced_map_utils.go:51.54,56.26 3 1
github.com/open-cluster-management/iam-policy-controller/pkg/common/synced_map_utils.go:59.2,59.37 1 1
github.com/open-cluster-management/iam-policy-controller/pkg/common/synced_map_utils.go:56.26,58.3 1 0
github.com/open-cluster-management/iam-policy-controller/pkg/common/synced_map_utils.go:59.37,61.3 1 1
github.com/open-cluster-management/iam-policy-controller/pkg/common/kubeClient.go:21.66,25.2 2 0
github.com/open-cluster-management/iam-policy-controller/pkg/controller/iampolicy/iampolicy_controller.go:63.121,67.19 3 0
github.com/open-cluster-management/iam-policy-controller/pkg/controller/iampolicy/iampolicy_controller.go:70.2,74.12 3 0
github.com/open-cluster-management/iam-policy-controller/pkg/controller/iampolicy/iampolicy_controller.go:67.19,69.3 1 0
github.com/open-cluster-management/iam-policy-controller/pkg/controller/iampolicy/iampolicy_controller.go:79.37,81.2 1 0
github.com/open-cluster-management/iam-policy-controller/pkg/controller/iampolicy/iampolicy_controller.go:84.62,90.2 1 0
github.com/open-cluster-management/iam-policy-controller/pkg/controller/iampolicy/iampolicy_controller.go:93.61,96.16 2 0
github.com/open-cluster-management/iam-policy-controller/pkg/controller/iampolicy/iampolicy_controller.go:101.2,102.16 2 0
github.com/open-cluster-management/iam-policy-controller/pkg/controller/iampolicy/iampolicy_controller.go:107.2,111.16 2 0
github.com/open-cluster-management/iam-policy-controller/pkg/controller/iampolicy/iampolicy_controller.go:115.2,115.12 1 0
github.com/open-cluster-management/iam-policy-controller/pkg/controller/iampolicy/iampolicy_controller.go:96.16,98.3 1 0
github.com/open-cluster-management/iam-policy-controller/pkg/controller/iampolicy/iampolicy_controller.go:102.16,104.3 1 0
github.com/open-cluster-management/iam-policy-controller/pkg/controller/iampolicy/iampolicy_controller.go:111.16,113.3 1 0
github.com/open-cluster-management/iam-policy-controller/pkg/controller/iampolicy/iampolicy_controller.go:142.93,149.16 5 1
github.com/open-cluster-management/iam-policy-controller/pkg/controller/iampolicy/iampolicy_controller.go:161.2,161.52 1 1
github.com/open-cluster-management/iam-policy-controller/pkg/controller/iampolicy/iampolicy_controller.go:175.2,176.32 2 1
github.com/open-cluster-management/iam-policy-controller/pkg/controller/iampolicy/iampolicy_controller.go:149.16,150.29 1 0
github.com/open-cluster-management/iam-policy-controller/pkg/controller/iampolicy/iampolicy_controller.go:158.3,158.33 1 0
github.com/open-cluster-management/iam-policy-controller/pkg/controller/iampolicy/iampolicy_controller.go:150.29,156.4 2 0
github.com/open-cluster-management/iam-policy-controller/pkg/controller/iampolicy/iampolicy_controller.go:161.52,163.36 2 1
github.com/open-cluster-management/iam-policy-controller/pkg/controller/iampolicy/iampolicy_controller.go:166.3,166.19 1 1
github.com/open-cluster-management/iam-policy-controller/pkg/controller/iampolicy/iampolicy_controller.go:171.3,172.31 2 1
github.com/open-cluster-management/iam-policy-controller/pkg/controller/iampolicy/iampolicy_controller.go:163.36,165.4 1 0
github.com/open-cluster-management/iam-policy-controller/pkg/controller/iampolicy/iampolicy_controller.go:166.19,167.74 1 0
github.com/open-cluster-management/iam-policy-controller/pkg/controller/iampolicy/iampolicy_controller.go:167.74,169.5 1 0
github.com/open-cluster-management/iam-policy-controller/pkg/controller/iampolicy/iampolicy_controller.go:179.77,181.39 1 1
github.com/open-cluster-management/iam-policy-controller/pkg/controller/iampolicy/iampolicy_controller.go:187.2,187.58 1 1
github.com/open-cluster-management/iam-policy-controller/pkg/controller/iampolicy/iampolicy_controller.go:191.2,191.59 1 1
github.com/open-cluster-management/iam-policy-controller/pkg/controller/iampolicy/iampolicy_controller.go:195.2,195.14 1 1
github.com/open-cluster-management/iam-policy-controller/pkg/controller/iampolicy/iampolicy_controller.go:181.39,186.3 4 1
github.com/open-cluster-management/iam-policy-controller/pkg/controller/iampolicy/iampolicy_controller.go:187.58,190.3 2 1
github.com/open-cluster-management/iam-policy-controller/pkg/controller/iampolicy/iampolicy_controller.go:191.59,194.3 2 1
github.com/open-cluster-management/iam-policy-controller/pkg/controller/iampolicy/iampolicy_controller.go:199.45,201.6 2 0
github.com/open-cluster-management/iam-policy-controller/pkg/controller/iampolicy/iampolicy_controller.go:201.6,207.62 4 0
github.com/open-cluster-management/iam-policy-controller/pkg/controller/iampolicy/iampolicy_controller.go:228.3,232.17 3 0
github.com/open-cluster-management/iam-policy-controller/pkg/controller/iampolicy/iampolicy_controller.go:238.3,239.39 2 0
github.com/open-cluster-management/iam-policy-controller/pkg/controller/iampolicy/iampolicy_controller.go:207.62,214.18 2 0
github.com/open-cluster-management/iam-policy-controller/pkg/controller/iampolicy/iampolicy_controller.go:219.4,220.109 2 0
github.com/open-cluster-management/iam-policy-controller/pkg/controller/iampolicy/iampolicy_controller.go:223.4,223.101 1 0
github.com/open-cluster-management/iam-policy-controller/pkg/controller/iampolicy/iampolicy_controller.go:226.4,226.41 1 0
github.com/open-cluster-management/iam-policy-controller/pkg/controller/iampolicy/iampolicy_controller.go:214.18,216.13 2 0
github.com/open-cluster-management/iam-policy-controller/pkg/controller/iampolicy/iampolicy_controller.go:220.109,222.5 1 0
github.com/open-cluster-management/iam-policy-controller/pkg/controller/iampolicy/iampolicy_controller.go:223.101,225.5 1 0
github.com/open-cluster-management/iam-policy-controller/pkg/controller/iampolicy/iampolicy_controller.go:232.17,234.4 1 0
github.com/open-cluster-management/iam-policy-controller/pkg/controller/iampolicy/iampolicy_controller.go:239.39,242.4 2 0
github.com/open-cluster-management/iam-policy-controller/pkg/controller/iampolicy/iampolicy_controller.go:246.87,253.16 3 1
github.com/open-cluster-management/iam-policy-controller/pkg/controller/iampolicy/iampolicy_controller.go:258.2,259.32 2 1
github.com/open-cluster-management/iam-policy-controller/pkg/controller/iampolicy/iampolicy_controller.go:269.2,269.12 1 1
github.com/open-cluster-management/iam-policy-controller/pkg/controller/iampolicy/iampolicy_controller.go:253.16,256.3 2 0
github.com/open-cluster-management/iam-policy-controller/pkg/controller/iampolicy/iampolicy_controller.go:259.32,261.112 2 0
github.com/open-cluster-management/iam-policy-controller/pkg/controller/iampolicy/iampolicy_controller.go:264.3,264.68 1 0
github.com/open-cluster-management/iam-policy-controller/pkg/controller/iampolicy/iampolicy_controller.go:267.3,267.40 1 0
github.com/open-cluster-management/iam-policy-controller/pkg/controller/iampolicy/iampolicy_controller.go:261.112,263.4 1 0
github.com/open-cluster-management/iam-policy-controller/pkg/controller/iampolicy/iampolicy_controller.go:264.68,266.4 1 0
github.com/open-cluster-management/iam-policy-controller/pkg/controller/iampolicy/iampolicy_controller.go:272.90,275.66 2 1
github.com/open-cluster-management/iam-policy-controller/pkg/controller/iampolicy/iampolicy_controller.go:282.2,282.22 1 1
github.com/open-cluster-management/iam-policy-controller/pkg/controller/iampolicy/iampolicy_controller.go:275.66,276.55 1 1
github.com/open-cluster-management/iam-policy-controller/pkg/controller/iampolicy/iampolicy_controller.go:276.55,277.87 1 1
github.com/open-cluster-management/iam-policy-controller/pkg/controller/iampolicy/iampolicy_controller.go:277.87,279.5 1 1
github.com/open-cluster-management/iam-policy-controller/pkg/controller/iampolicy/iampolicy_controller.go:285.67,287.53 2 1
github.com/open-cluster-management/iam-policy-controller/pkg/controller/iampolicy/iampolicy_controller.go:290.2,290.15 1 1
github.com/open-cluster-management/iam-policy-controller/pkg/controller/iampolicy/iampolicy_controller.go:287.53,289.3 1 0
github.com/open-cluster-management/iam-policy-controller/pkg/controller/iampolicy/iampolicy_controller.go:293.165,296.52 2 1
github.com/open-cluster-management/iam-policy-controller/pkg/controller/iampolicy/iampolicy_controller.go:309.2,310.128 2 1
github.com/open-cluster-management/iam-policy-controller/pkg/controller/iampolicy/iampolicy_controller.go:313.2,313.53 1 1
github.com/open-cluster-management/iam-policy-controller/pkg/controller/iampolicy/iampolicy_controller.go:296.52,297.48 1 1
github.com/open-cluster-management/iam-policy-controller/pkg/controller/iampolicy/iampolicy_controller.go:304.3,304.106 1 1
github.com/open-cluster-management/iam-policy-controller/pkg/controller/iampolicy/iampolicy_controller.go:297.48,298.114 1 1
github.com/open-cluster-management/iam-policy-controller/pkg/controller/iampolicy/iampolicy_controller.go:298.114,302.5 3 0
github.com/open-cluster-management/iam-policy-controller/pkg/controller/iampolicy/iampolicy_controller.go:304.106,307.4 2 0
github.com/open-cluster-management/iam-policy-controller/pkg/controller/iampolicy/iampolicy_controller.go:310.128,312.3 1 0
github.com/open-cluster-management/iam-policy-controller/pkg/controller/iampolicy/iampolicy_controller.go:316.132,321.41 3 0
github.com/open-cluster-management/iam-policy-controller/pkg/controller/iampolicy/iampolicy_controller.go:324.2,324.58 1 0
github.com/open-cluster-management/iam-policy-controller/pkg/controller/iampolicy/iampolicy_controller.go:328.2,328.62 1 0
github.com/open-cluster-management/iam-policy-controller/pkg/controller/iampolicy/iampolicy_controller.go:331.2,331.65 1 0
github.com/open-cluster-management/iam-policy-controller/pkg/controller/iampolicy/iampolicy_controller.go:336.2,337.23 2 0
github.com/open-cluster-management/iam-policy-controller/pkg/controller/iampolicy/iampolicy_controller.go:344.2,344.16 1 0
github.com/open-cluster-management/iam-policy-controller/pkg/controller/iampolicy/iampolicy_controller.go:321.41,323.3 1 0
github.com/open-cluster-management/iam-policy-controller/pkg/controller/iampolicy/iampolicy_controller.go:324.58,327.3 1 0
github.com/open-cluster-management/iam-policy-controller/pkg/controller/iampolicy/iampolicy_controller.go:328.62,330.3 1 0
github.com/open-cluster-management/iam-policy-controller/pkg/controller/iampolicy/iampolicy_controller.go:331.65,335.3 3 0
github.com/open-cluster-management/iam-policy-controller/pkg/controller/iampolicy/iampolicy_controller.go:337.23,338.50 1 0
github.com/open-cluster-management/iam-policy-controller/pkg/controller/iampolicy/iampolicy_controller.go:341.3,342.17 2 0
github.com/open-cluster-management/iam-policy-controller/pkg/controller/iampolicy/iampolicy_controller.go:338.50,340.4 1 0
github.com/open-cluster-management/iam-policy-controller/pkg/controller/iampolicy/iampolicy_controller.go:347.89,351.41 3 1
github.com/open-cluster-management/iam-policy-controller/pkg/controller/iampolicy/iampolicy_controller.go:354.2,354.58 1 1
github.com/open-cluster-management/iam-policy-controller/pkg/controller/iampolicy/iampolicy_controller.go:358.2,358.62 1 1
github.com/open-cluster-management/iam-policy-controller/pkg/controller/iampolicy/iampolicy_controller.go:361.2,361.65 1 1
github.com/open-cluster-management/iam-policy-controller/pkg/controller/iampolicy/iampolicy_controller.go:366.2,367.23 2 0
github.com/open-cluster-management/iam-policy-controller/pkg/controller/iampolicy/iampolicy_controller.go:372.2,374.16 3 0
github.com/open-cluster-management/iam-policy-controller/pkg/controller/iampolicy/iampolicy_controller.go:351.41,353.3 1 0
github.com/open-cluster-management/iam-policy-controller/pkg/controller/iampolicy/iampolicy_controller.go:354.58,357.3 1 1
github.com/open-cluster-management/iam-policy-controller/pkg/controller/iampolicy/iampolicy_controller.go:358.62,360.3 1 1
github.com/open-cluster-management/iam-policy-controller/pkg/controller/iampolicy/iampolicy_controller.go:361.65,365.3 3 1
github.com/open-cluster-management/iam-policy-controller/pkg/controller/iampolicy/iampolicy_controller.go:367.23,368.43 1 0
github.com/open-cluster-management/iam-policy-controller/pkg/controller/iampolicy/iampolicy_controller.go:368.43,370.4 1 0
github.com/open-cluster-management/iam-policy-controller/pkg/controller/iampolicy/iampolicy_controller.go:377.63,379.41 2 1
github.com/open-cluster-management/iam-policy-controller/pkg/controller/iampolicy/iampolicy_controller.go:382.2,382.58 1 1
github.com/open-cluster-management/iam-policy-controller/pkg/controller/iampolicy/iampolicy_controller.go:385.2,385.54 1 0
github.com/open-cluster-management/iam-policy-controller/pkg/controller/iampolicy/iampolicy_controller.go:388.2,388.73 1 0
github.com/open-cluster-management/iam-policy-controller/pkg/controller/iampolicy/iampolicy_controller.go:379.41,381.3 1 0
github.com/open-cluster-management/iam-policy-controller/pkg/controller/iampolicy/iampolicy_controller.go:382.58,384.3 1 1
github.com/open-cluster-management/iam-policy-controller/pkg/controller/iampolicy/iampolicy_controller.go:385.54,387.3 1 0
github.com/open-cluster-management/iam-policy-controller/pkg/controller/iampolicy/iampolicy_controller.go:388.73,389.23 1 0
github.com/open-cluster-management/iam-policy-controller/pkg/controller/iampolicy/iampolicy_controller.go:389.23,391.29 2 0
github.com/open-cluster-management/iam-policy-controller/pkg/controller/iampolicy/iampolicy_controller.go:391.29,392.89 1 0
github.com/open-cluster-management/iam-policy-controller/pkg/controller/iampolicy/iampolicy_controller.go:395.5,395.95 1 0
github.com/open-cluster-management/iam-policy-controller/pkg/controller/iampolicy/iampolicy_controller.go:392.89,394.6 1 0
github.com/open-cluster-management/iam-policy-controller/pkg/controller/iampolicy/iampolicy_controller.go:395.95,397.6 1 0
github.com/open-cluster-management/iam-policy-controller/pkg/controller/iampolicy/iampolicy_controller.go:399.9,401.4 1 0
github.com/open-cluster-management/iam-policy-controller/pkg/controller/iampolicy/iampolicy_controller.go:405.94,408.41 2 1
github.com/open-cluster-management/iam-policy-controller/pkg/controller/iampolicy/iampolicy_controller.go:412.2,412.58 1 1
github.com/open-cluster-management/iam-policy-controller/pkg/controller/iampolicy/iampolicy_controller.go:416.2,416.54 1 0
github.com/open-cluster-management/iam-policy-controller/pkg/controller/iampolicy/iampolicy_controller.go:420.2,421.73 2 0
github.com/open-cluster-management/iam-policy-controller/pkg/controller/iampolicy/iampolicy_controller.go:433.2,433.59 1 0
github.com/open-cluster-management/iam-policy-controller/pkg/controller/iampolicy/iampolicy_controller.go:436.2,436.64 1 0
github.com/open-cluster-management/iam-policy-controller/pkg/controller/iampolicy/iampolicy_controller.go:408.41,411.3 2 0
github.com/open-cluster-management/iam-policy-controller/pkg/controller/iampolicy/iampolicy_controller.go:412.58,415.3 2 1
github.com/open-cluster-management/iam-policy-controller/pkg/controller/iampolicy/iampolicy_controller.go:416.54,419.3 2 0
github.com/open-cluster-management/iam-policy-controller/pkg/controller/iampolicy/iampolicy_controller.go:421.73,422.23 1 0
github.com/open-cluster-management/iam-policy-controller/pkg/controller/iampolicy/iampolicy_controller.go:422.23,424.29 2 0
github.com/open-cluster-management/iam-policy-controller/pkg/controller/iampolicy/iampolicy_controller.go:424.29,425.41 1 0
github.com/open-cluster-management/iam-policy-controller/pkg/controller/iampolicy/iampolicy_controller.go:425.41,427.6 1 0
github.com/open-cluster-management/iam-policy-controller/pkg/controller/iampolicy/iampolicy_controller.go:429.9,431.4 1 0
github.com/open-cluster-management/iam-policy-controller/pkg/controller/iampolicy/iampolicy_controller.go:433.59,435.3 1 0
github.com/open-cluster-management/iam-policy-controller/pkg/controller/iampolicy/iampolicy_controller.go:439.99,440.36 1 0
github.com/open-cluster-management/iam-policy-controller/pkg/controller/iampolicy/iampolicy_controller.go:456.2,456.17 1 0
github.com/open-cluster-management/iam-policy-controller/pkg/controller/iampolicy/iampolicy_controller.go:440.36,442.17 2 0
github.com/open-cluster-management/iam-policy-controller/pkg/controller/iampolicy/iampolicy_controller.go:445.3,445.28 1 0
github.com/open-cluster-management/iam-policy-controller/pkg/controller/iampolicy/iampolicy_controller.go:442.17,444.4 1 0
github.com/open-cluster-management/iam-policy-controller/pkg/controller/iampolicy/iampolicy_controller.go:445.28,447.4 1 0
github.com/open-cluster-management/iam-policy-controller/pkg/controller/iampolicy/iampolicy_controller.go:448.3,449.66 1 0
github.com/open-cluster-management/iam-policy-controller/pkg/controller/iampolicy/iampolicy_controller.go:449.66,451.5 1 0
github.com/open-cluster-management/iam-policy-controller/pkg/controller/iampolicy/iampolicy_controller.go:451.10,453.5 1 0
github.com/open-cluster-management/iam-policy-controller/pkg/controller/iampolicy/iampolicy_controller.go:459.66,460.63 1 1
github.com/open-cluster-management/iam-policy-controller/pkg/controller/iampolicy/iampolicy_controller.go:465.2,465.11 1 1
github.com/open-cluster-management/iam-policy-controller/pkg/controller/iampolicy/iampolicy_controller.go:460.63,461.44 1 1
github.com/open-cluster-management/iam-policy-controller/pkg/controller/iampolicy/iampolicy_controller.go:461.44,463.4 1 0
github.com/open-cluster-management/iam-policy-controller/pkg/controller/iampolicy/iampolicy_controller.go:468.40,469.48 1 1
github.com/open-cluster-management/iam-policy-controller/pkg/controller/iampolicy/iampolicy_controller.go:469.48,470.21 1 0
github.com/open-cluster-management/iam-policy-controller/pkg/controller/iampolicy/iampolicy_controller.go:470.21,472.4 1 0
github.com/open-cluster-management/iam-policy-controller/pkg/controller/iampolicy/iampolicy_controller.go:476.58,479.16 2 1
github.com/open-cluster-management/iam-policy-controller/pkg/controller/iampolicy/iampolicy_controller.go:486.2,486.35 1 1
github.com/open-cluster-management/iam-policy-controller/pkg/controller/iampolicy/iampolicy_controller.go:493.2,494.40 2 1
github.com/open-cluster-management/iam-policy-controller/pkg/controller/iampolicy/iampolicy_controller.go:497.2,497.12 1 1
github.com/open-cluster-management/iam-policy-controller/pkg/controller/iampolicy/iampolicy_controller.go:479.16,484.3 2 0
github.com/open-cluster-management/iam-policy-controller/pkg/controller/iampolicy/iampolicy_controller.go:486.35,487.62 1 1
github.com/open-cluster-management/iam-policy-controller/pkg/controller/iampolicy/iampolicy_controller.go:487.62,488.31 1 0
github.com/open-cluster-management/iam-policy-controller/pkg/controller/iampolicy/iampolicy_controller.go:488.31,490.5 1 0
github.com/open-cluster-management/iam-policy-controller/pkg/controller/iampolicy/iampolicy_controller.go:494.40,496.3 1 0
github.com/open-cluster-management/iam-policy-controller/pkg/controller/iampolicy/iampolicy_controller.go:502.52,503.29 1 0
github.com/open-cluster-management/iam-policy-controller/pkg/controller/iampolicy/iampolicy_controller.go:508.2,508.14 1 0
github.com/open-cluster-management/iam-policy-controller/pkg/controller/iampolicy/iampolicy_controller.go:503.29,504.16 1 0
github.com/open-cluster-management/iam-policy-controller/pkg/controller/iampolicy/iampolicy_controller.go:504.16,506.4 1 0
github.com/open-cluster-management/iam-policy-controller/pkg/controller/iampolicy/iampolicy_controller.go:513.63,514.29 1 0
github.com/open-cluster-management/iam-policy-controller/pkg/controller/iampolicy/iampolicy_controller.go:520.2,520.8 1 0
github.com/open-cluster-management/iam-policy-controller/pkg/controller/iampolicy/iampolicy_controller.go:514.29,515.16 1 0
github.com/open-cluster-management/iam-policy-controller/pkg/controller/iampolicy/iampolicy_controller.go:518.3,518.32 1 0
github.com/open-cluster-management/iam-policy-controller/pkg/controller/iampolicy/iampolicy_controller.go:515.16,516.12 1 0
github.com/open-cluster-management/iam-policy-controller/pkg/controller/iampolicy/iampolicy_controller.go:525.55,526.21 1 0
github.com/open-cluster-management/iam-policy-controller/pkg/controller/iampolicy/iampolicy_controller.go:530.2,531.26 2 0
github.com/open-cluster-management/iam-policy-controller/pkg/controller/iampolicy/iampolicy_controller.go:526.21,529.3 2 0
github.com/open-cluster-management/iam-policy-controller/pkg/controller/iampolicy/iampolicy_controller.go:531.26,533.3 1 0
github.com/open-cluster-management/iam-policy-controller/pkg/controller/iampolicy/iampolicy_controller.go:536.62,537.40 1 1
github.com/open-cluster-management/iam-policy-controller/pkg/controller/iampolicy/iampolicy_controller.go:541.2,541.51 1 1
github.com/open-cluster-management/iam-policy-controller/pkg/controller/iampolicy/iampolicy_controller.go:545.2,547.64 2 0
github.com/open-cluster-management/iam-policy-controller/pkg/controller/iampolicy/iampolicy_controller.go:537.40,539.3 1 0
github.com/open-cluster-management/iam-policy-controller/pkg/controller/iampolicy/iampolicy_controller.go:541.51,543.3 1 1
github.com/open-cluster-management/iam-policy-controller/pkg/controller/iampolicy/iampolicy_controller.go:547.64,549.3 1 0
github.com/open-cluster-management/iam-policy-controller/pkg/controller/iampolicy/iampolicy_controller.go:549.8,551.3 1 0
github.com/open-cluster-management/iam-policy-controller/pkg/controller/iampolicy/iampolicy_controller.go:554.75,556.14 2 1
github.com/open-cluster-management/iam-policy-controller/pkg/controller/iampolicy/iampolicy_controller.go:559.2,570.12 2 1
github.com/open-cluster-management/iam-policy-controller/pkg/controller/iampolicy/iampolicy_controller.go:556.14,558.3 1 1
github.com/open-cluster-management/iam-policy-controller/pkg/controller/iampolicy/iampolicy_utils.go:19.78,21.38 2 1
github.com/open-cluster-management/iam-policy-controller/pkg/controller/iampolicy/iampolicy_utils.go:24.2,26.41 2 1
github.com/open-cluster-management/iam-policy-controller/pkg/controller/iampolicy/iampolicy_utils.go:29.2,29.58 1 1
github.com/open-cluster-management/iam-policy-controller/pkg/controller/iampolicy/iampolicy_utils.go:33.2,33.30 1 0
github.com/open-cluster-management/iam-policy-controller/pkg/controller/iampolicy/iampolicy_utils.go:45.2,45.15 1 0
github.com/open-cluster-management/iam-policy-controller/pkg/controller/iampolicy/iampolicy_utils.go:21.38,23.3 1 0
github.com/open-cluster-management/iam-policy-controller/pkg/controller/iampolicy/iampolicy_utils.go:26.41,28.3 1 0
github.com/open-cluster-management/iam-policy-controller/pkg/controller/iampolicy/iampolicy_utils.go:29.58,32.3 1 1
github.com/open-cluster-management/iam-policy-controller/pkg/controller/iampolicy/iampolicy_utils.go:33.30,34.60 1 0
github.com/open-cluster-management/iam-policy-controller/pkg/controller/iampolicy/iampolicy_utils.go:34.60,36.32 2 0
github.com/open-cluster-management/iam-policy-controller/pkg/controller/iampolicy/iampolicy_utils.go:36.32,38.5 1 0
github.com/open-cluster-management/iam-policy-controller/pkg/controller/iampolicy/iampolicy_utils.go:40.8,41.60 1 0
github.com/open-cluster-management/iam-policy-controller/pkg/controller/iampolicy/iampolicy_utils.go:41.60,43.4 1 0
